<?xml version="1.0" encoding="UTF-8"?>
<coverage generated="1635853991544" clover="3.2.0">
  <project timestamp="1635853991544" name="All files">
    <metrics statements="12" coveredstatements="10" conditionals="2" coveredconditionals="2" methods="4" coveredmethods="2" elements="18" coveredelements="14" complexity="0" loc="12" ncloc="12" packages="1" files="1" classes="1"/>
    <file name="gitHubClient.ts" path="/Users/ken-yo/git/poad/github-pull-requester/src/gitHubClient.ts">
      <metrics statements="12" coveredstatements="10" conditionals="2" coveredconditionals="2" methods="4" coveredmethods="2"/>
      <line num="1" count="1" type="stmt"/>
      <line num="19" count="2" type="stmt"/>
      <line num="25" count="2" type="stmt"/>
      <line num="29" count="2" type="stmt"/>
      <line num="36" count="2" type="cond" truecount="1" falsecount="0"/>
      <line num="37" count="1" type="stmt"/>
      <line num="40" count="2" type="cond" truecount="1" falsecount="0"/>
      <line num="41" count="2" type="stmt"/>
      <line num="44" count="2" type="stmt"/>
      <line num="45" count="0" type="stmt"/>
      <line num="47" count="0" type="stmt"/>
      <line num="52" count="1" type="stmt"/>
    </file>
  </project>
</coverage>
